[01m[K/ros2_ws/tutorial_topic/src/publisher.cpp:[m[K In function â€˜[01m[Kint main(int, char**)[m[Kâ€™:
[01m[K/ros2_ws/tutorial_topic/src/publisher.cpp:6:22:[m[K [01;31m[Kerror: [m[Kâ€˜[01m[Karcv[m[Kâ€™ was not declared in this scope; did you mean â€˜[01m[Kargv[m[Kâ€™?
    6 |   rclcpp::init(argc, [01;31m[Karcv[m[K);
      |                      [01;31m[K^~~~[m[K
      |                      [32m[Kargv[m[K
[01m[K/ros2_ws/tutorial_topic/src/publisher.cpp:4:27:[m[K [01;35m[Kwarning: [m[Kunused parameter â€˜[01m[Kargv[m[Kâ€™ [[01;35m[K-Wunused-parameter[m[K]
    4 | int main(int argc, [01;35m[Kchar **argv[m[K)
      |                    [01;35m[K~~~~~~~^~~~[m[K
make[2]: *** [CMakeFiles/publisher.dir/build.make:63: CMakeFiles/publisher.dir/src/publisher.cpp.o] Error 1
make[1]: *** [CMakeFiles/Makefile2:107: CMakeFiles/publisher.dir/all] Error 2
make[1]: *** Waiting for unfinished jobs....
make: *** [Makefile:141: all] Error 2
