[0.018s] Invoking command in '/ros2_ws/build/tutorial_topic': CMAKE_PREFIX_PATH=/opt/ros/foxy /usr/bin/cmake /ros2_ws/tutorial_topic -DCMAKE_INSTALL_PREFIX=/ros2_ws/install/tutorial_topic
[0.032s] -- Found ament_cmake: 0.9.12 (/opt/ros/foxy/share/ament_cmake/cmake)
[0.053s] -- Using PYTHON_EXECUTABLE: /usr/bin/python3
[0.192s] -- Found rclcpp: 2.4.3 (/opt/ros/foxy/share/rclcpp/cmake)
[0.223s] -- Using all available rosidl_typesupport_c: rosidl_typesupport_fastrtps_c;rosidl_typesupport_introspection_c
[0.226s] -- Found rosidl_adapter: 1.3.1 (/opt/ros/foxy/share/rosidl_adapter/cmake)
[0.339s] -- Using all available rosidl_typesupport_cpp: rosidl_typesupport_fastrtps_cpp;rosidl_typesupport_introspection_cpp
[0.382s] -- Found rmw_implementation_cmake: 1.0.4 (/opt/ros/foxy/share/rmw_implementation_cmake/cmake)
[0.383s] -- Using RMW implementation 'rmw_fastrtps_cpp' as default
[0.563s] -- Configuring done
[0.571s] -- Generating done
[0.572s] -- Build files have been written to: /ros2_ws/build/tutorial_topic
[0.577s] Invoked command in '/ros2_ws/build/tutorial_topic' returned '0': CMAKE_PREFIX_PATH=/opt/ros/foxy /usr/bin/cmake /ros2_ws/tutorial_topic -DCMAKE_INSTALL_PREFIX=/ros2_ws/install/tutorial_topic
[0.580s] Invoking command in '/ros2_ws/build/tutorial_topic': CMAKE_PREFIX_PATH=/opt/ros/foxy /usr/bin/cmake --build /ros2_ws/build/tutorial_topic -- -j8 -l8
[0.619s] [35m[1mScanning dependencies of target subscriber[0m
[0.620s] [35m[1mScanning dependencies of target publisher[0m
[0.675s] [ 50%] [32mBuilding CXX object CMakeFiles/subscriber.dir/src/subscriber.cpp.o[0m
[0.676s] [ 50%] [32mBuilding CXX object CMakeFiles/publisher.dir/src/publisher.cpp.o[0m
[1.893s] [01m[K/ros2_ws/tutorial_topic/src/publisher.cpp:[m[K In function â€˜[01m[Kint main(int, char**)[m[Kâ€™:
[1.893s] [01m[K/ros2_ws/tutorial_topic/src/publisher.cpp:6:22:[m[K [01;31m[Kerror: [m[Kâ€˜[01m[Karcv[m[Kâ€™ was not declared in this scope; did you mean â€˜[01m[Kargv[m[Kâ€™?
[1.893s]     6 |   rclcpp::init(argc, [01;31m[Karcv[m[K);
[1.894s]       |                      [01;31m[K^~~~[m[K
[1.894s]       |                      [32m[Kargv[m[K
[1.908s] [01m[K/ros2_ws/tutorial_topic/src/publisher.cpp:4:27:[m[K [01;35m[Kwarning: [m[Kunused parameter â€˜[01m[Kargv[m[Kâ€™ [[01;35m[K-Wunused-parameter[m[K]
[1.908s]     4 | int main(int argc, [01;35m[Kchar **argv[m[K)
[1.908s]       |                    [01;35m[K~~~~~~~^~~~[m[K
[2.753s] make[2]: *** [CMakeFiles/publisher.dir/build.make:63: CMakeFiles/publisher.dir/src/publisher.cpp.o] Error 1
[2.753s] make[1]: *** [CMakeFiles/Makefile2:107: CMakeFiles/publisher.dir/all] Error 2
[2.753s] make[1]: *** Waiting for unfinished jobs....
[5.012s] [ 75%] [32m[1mLinking CXX executable subscriber[0m
[5.258s] [ 75%] Built target subscriber
[5.259s] make: *** [Makefile:141: all] Error 2
[5.261s] Invoked command in '/ros2_ws/build/tutorial_topic' returned '2': CMAKE_PREFIX_PATH=/opt/ros/foxy /usr/bin/cmake --build /ros2_ws/build/tutorial_topic -- -j8 -l8
